<?xml version="1.0" encoding="UTF-8" standalone="yes"?><!DOCTYPE report PUBLIC "-//JACOCO//DTD Report 1.0//EN" "report.dtd"><report name="WSO2 Carbon Kernel - Server Configuration"><sessioninfo id="ip-10-40-246-102-1ecafb8c" start="1395391784935" dump="1395391785119"/><package name="org/wso2/carbon/base"><class name="org/wso2/carbon/base/ServerConfigurationException"><method name="&lt;init&gt;" desc="(Ljava/lang/Throwable;)V" line="29"><counter type="INSTRUCTION" missed="4" covered="0"/><counter type="LINE" missed="2" covered="0"/><counter type="COMPLEXITY" missed="1" covered="0"/><counter type="METHOD" missed="1" covered="0"/></method><method name="&lt;init&gt;" desc="()V" line="35"><counter type="INSTRUCTION" missed="3" covered="0"/><counter type="LINE" missed="2" covered="0"/><counter type="COMPLEXITY" missed="1" covered="0"/><counter type="METHOD" missed="1" covered="0"/></method><method name="&lt;init&gt;" desc="(Ljava/lang/String;)V" line="44"><counter type="INSTRUCTION" missed="4" covered="0"/><counter type="LINE" missed="2" covered="0"/><counter type="COMPLEXITY" missed="1" covered="0"/><counter type="METHOD" missed="1" covered="0"/></method><method name="&lt;init&gt;" desc="(Ljava/lang/String;Ljava/lang/Throwable;)V" line="54"><counter type="INSTRUCTION" missed="5" covered="0"/><counter type="LINE" missed="2" covered="0"/><counter type="COMPLEXITY" missed="1" covered="0"/><counter type="METHOD" missed="1" covered="0"/></method><counter type="INSTRUCTION" missed="16" covered="0"/><counter type="LINE" missed="8" covered="0"/><counter type="COMPLEXITY" missed="4" covered="0"/><counter type="METHOD" missed="4" covered="0"/><counter type="CLASS" missed="1" covered="0"/></class><class name="org/wso2/carbon/base/Constants"><method name="&lt;init&gt;" desc="()V" line="35"><counter type="INSTRUCTION" missed="7" covered="0"/><counter type="LINE" missed="2" covered="0"/><counter type="COMPLEXITY" missed="1" covered="0"/><counter type="METHOD" missed="1" covered="0"/></method><counter type="INSTRUCTION" missed="7" covered="0"/><counter type="LINE" missed="2" covered="0"/><counter type="COMPLEXITY" missed="1" covered="0"/><counter type="METHOD" missed="1" covered="0"/><counter type="CLASS" missed="1" covered="0"/></class><class name="org/wso2/carbon/base/LoggingConfiguration"><method name="&lt;init&gt;" desc="()V" line="32"><counter type="INSTRUCTION" missed="0" covered="3"/><counter type="LINE" missed="0" covered="1"/><counter type="COMPLEXITY" missed="0" covered="1"/><counter type="METHOD" missed="0" covered="1"/></method><method name="getInstance" desc="()Lorg/wso2/carbon/base/LoggingConfiguration;" line="44"><counter type="INSTRUCTION" missed="0" covered="2"/><counter type="LINE" missed="0" covered="1"/><counter type="COMPLEXITY" missed="0" covered="1"/><counter type="METHOD" missed="0" covered="1"/></method><method name="setConfigurationAdminService" desc="(Lorg/osgi/service/cm/ConfigurationAdmin;)V" line="48"><counter type="INSTRUCTION" missed="4" covered="0"/><counter type="LINE" missed="2" covered="0"/><counter type="COMPLEXITY" missed="1" covered="0"/><counter type="METHOD" missed="1" covered="0"/></method><method name="registerConfigurations" desc="(Ljava/lang/String;)V" line="53"><counter type="INSTRUCTION" missed="28" covered="0"/><counter type="BRANCH" missed="4" covered="0"/><counter type="LINE" missed="8" covered="0"/><counter type="COMPLEXITY" missed="3" covered="0"/><counter type="METHOD" missed="1" covered="0"/></method><method name="createConfigurationForFile" desc="(Ljava/lang/String;Ljava/io/File;)V" line="70"><counter type="INSTRUCTION" missed="39" covered="0"/><counter type="BRANCH" missed="6" covered="0"/><counter type="LINE" missed="10" covered="0"/><counter type="COMPLEXITY" missed="4" covered="0"/><counter type="METHOD" missed="1" covered="0"/></method><method name="readProperties" desc="(Ljava/io/File;)Ljava/util/Properties;" line="88"><counter type="INSTRUCTION" missed="17" covered="14"/><counter type="LINE" missed="3" covered="4"/><counter type="COMPLEXITY" missed="0" covered="1"/><counter type="METHOD" missed="0" covered="1"/></method><method name="&lt;clinit&gt;" desc="()V" line="34"><counter type="INSTRUCTION" missed="0" covered="8"/><counter type="LINE" missed="0" covered="2"/><counter type="COMPLEXITY" missed="0" covered="1"/><counter type="METHOD" missed="0" covered="1"/></method><counter type="INSTRUCTION" missed="88" covered="27"/><counter type="BRANCH" missed="10" covered="0"/><counter type="LINE" missed="23" covered="8"/><counter type="COMPLEXITY" missed="8" covered="4"/><counter type="METHOD" missed="3" covered="4"/><counter type="CLASS" missed="0" covered="1"/></class><class name="org/wso2/carbon/base/ServerConfiguration"><method name="getInstance" desc="()Lorg/wso2/carbon/base/ServerConfiguration;" line="68"><counter type="INSTRUCTION" missed="0" covered="2"/><counter type="LINE" missed="0" covered="1"/><counter type="COMPLEXITY" missed="0" covered="1"/><counter type="METHOD" missed="0" covered="1"/></method><method name="&lt;init&gt;" desc="()V" line="51"><counter type="INSTRUCTION" missed="0" covered="11"/><counter type="LINE" missed="0" covered="4"/><counter type="COMPLEXITY" missed="0" covered="1"/><counter type="METHOD" missed="0" covered="1"/></method><method name="init" desc="(Ljava/io/InputStream;)V" line="86"><counter type="INSTRUCTION" missed="31" covered="57"/><counter type="BRANCH" missed="3" covered="7"/><counter type="LINE" missed="10" covered="17"/><counter type="COMPLEXITY" missed="3" covered="3"/><counter type="METHOD" missed="0" covered="1"/></method><method name="init" desc="(Ljava/lang/String;)V" line="132"><counter type="INSTRUCTION" missed="77" covered="29"/><counter type="BRANCH" missed="7" covered="3"/><counter type="LINE" missed="16" covered="13"/><counter type="COMPLEXITY" missed="5" covered="1"/><counter type="METHOD" missed="0" covered="1"/></method><method name="forceInit" desc="(Ljava/io/InputStream;)V" line="190"><counter type="INSTRUCTION" missed="0" covered="7"/><counter type="LINE" missed="0" covered="3"/><counter type="COMPLEXITY" missed="0" covered="1"/><counter type="METHOD" missed="0" covered="1"/></method><method name="forceInit" desc="(Ljava/lang/String;)V" line="203"><counter type="INSTRUCTION" missed="0" covered="7"/><counter type="LINE" missed="0" covered="3"/><counter type="COMPLEXITY" missed="0" covered="1"/><counter type="METHOD" missed="0" covered="1"/></method><method name="forceInit" desc="(Ljava/lang/String;Z)V" line="217"><counter type="INSTRUCTION" missed="10" covered="0"/><counter type="LINE" missed="4" covered="0"/><counter type="COMPLEXITY" missed="1" covered="0"/><counter type="METHOD" missed="1" covered="0"/></method><method name="readChildElements" desc="(Lorg/w3c/dom/NodeList;Ljava/util/Stack;)V" line="224"><counter type="INSTRUCTION" missed="0" covered="48"/><counter type="BRANCH" missed="0" covered="6"/><counter type="LINE" missed="0" covered="11"/><counter type="COMPLEXITY" missed="0" covered="4"/><counter type="METHOD" missed="0" covered="1"/></method><method name="addToConfiguration" desc="(Ljava/lang/String;Ljava/lang/String;)V" line="240"><counter type="INSTRUCTION" missed="8" covered="24"/><counter type="BRANCH" missed="3" covered="1"/><counter type="LINE" missed="2" covered="6"/><counter type="COMPLEXITY" missed="2" covered="1"/><counter type="METHOD" missed="0" covered="1"/></method><method name="overrideConfiguration" desc="(Ljava/lang/String;Ljava/lang/String;)V" line="253"><counter type="INSTRUCTION" missed="15" covered="0"/><counter type="LINE" missed="4" covered="0"/><counter type="COMPLEXITY" missed="1" covered="0"/><counter type="METHOD" missed="1" covered="0"/></method><method name="replaceSystemProperty" desc="(Ljava/lang/String;)Ljava/lang/String;" line="259"><counter type="INSTRUCTION" missed="39" covered="40"/><counter type="BRANCH" missed="8" covered="6"/><counter type="LINE" missed="2" covered="8"/><counter type="COMPLEXITY" missed="6" covered="2"/><counter type="METHOD" missed="0" covered="1"/></method><method name="getKey" desc="(Ljava/util/Stack;)Ljava/lang/String;" line="288"><counter type="INSTRUCTION" missed="0" covered="32"/><counter type="BRANCH" missed="0" covered="2"/><counter type="LINE" missed="0" covered="6"/><counter type="COMPLEXITY" missed="0" covered="2"/><counter type="METHOD" missed="0" covered="1"/></method><method name="elementHasText" desc="(Lorg/w3c/dom/Node;)Z" line="299"><counter type="INSTRUCTION" missed="0" covered="14"/><counter type="BRANCH" missed="1" covered="3"/><counter type="LINE" missed="0" covered="2"/><counter type="COMPLEXITY" missed="1" covered="2"/><counter type="METHOD" missed="0" covered="1"/></method><method name="setConfigurationProperty" desc="(Ljava/lang/String;Ljava/lang/String;)V" line="306"><counter type="INSTRUCTION" missed="1" covered="0"/><counter type="LINE" missed="1" covered="0"/><counter type="COMPLEXITY" missed="1" covered="0"/><counter type="METHOD" missed="1" covered="0"/></method><method name="overrideConfigurationProperty" desc="(Ljava/lang/String;Ljava/lang/String;)V" line="311"><counter type="INSTRUCTION" missed="1" covered="0"/><counter type="LINE" missed="1" covered="0"/><counter type="COMPLEXITY" missed="1" covered="0"/><counter type="METHOD" missed="1" covered="0"/></method><method name="getFirstProperty" desc="(Ljava/lang/String;)Ljava/lang/String;" line="322"><counter type="INSTRUCTION" missed="15" covered="0"/><counter type="BRANCH" missed="2" covered="0"/><counter type="LINE" missed="4" covered="0"/><counter type="COMPLEXITY" missed="2" covered="0"/><counter type="METHOD" missed="1" covered="0"/></method><method name="getProperties" desc="(Ljava/lang/String;)[Ljava/lang/String;" line="337"><counter type="INSTRUCTION" missed="3" covered="15"/><counter type="BRANCH" missed="1" covered="1"/><counter type="LINE" missed="1" covered="3"/><counter type="COMPLEXITY" missed="1" covered="1"/><counter type="METHOD" missed="0" covered="1"/></method><method name="getDocumentElement" desc="()Lorg/w3c/dom/Element;" line="346"><counter type="INSTRUCTION" missed="2" covered="0"/><counter type="LINE" missed="1" covered="0"/><counter type="COMPLEXITY" missed="1" covered="0"/><counter type="METHOD" missed="1" covered="0"/></method><method name="&lt;clinit&gt;" desc="()V" line="49"><counter type="INSTRUCTION" missed="0" covered="8"/><counter type="LINE" missed="0" covered="2"/><counter type="COMPLEXITY" missed="0" covered="1"/><counter type="METHOD" missed="0" covered="1"/></method><counter type="INSTRUCTION" missed="202" covered="294"/><counter type="BRANCH" missed="25" covered="29"/><counter type="LINE" missed="46" covered="79"/><counter type="COMPLEXITY" missed="25" covered="21"/><counter type="METHOD" missed="6" covered="13"/><counter type="CLASS" missed="0" covered="1"/></class><class name="org/wso2/carbon/base/Utils"><method name="&lt;init&gt;" desc="()V" line="54"><counter type="INSTRUCTION" missed="7" covered="0"/><counter type="LINE" missed="2" covered="0"/><counter type="COMPLEXITY" missed="1" covered="0"/><counter type="METHOD" missed="1" covered="0"/></method><method name="getServerXml" desc="()Ljava/lang/String;" line="60"><counter type="INSTRUCTION" missed="27" covered="0"/><counter type="BRANCH" missed="2" covered="0"/><counter type="LINE" missed="4" covered="0"/><counter type="COMPLEXITY" missed="2" covered="0"/><counter type="METHOD" missed="1" covered="0"/></method><method name="getCarbonConfigDirPath" desc="()Ljava/lang/String;" line="73"><counter type="INSTRUCTION" missed="41" covered="0"/><counter type="BRANCH" missed="4" covered="0"/><counter type="LINE" missed="8" covered="0"/><counter type="COMPLEXITY" missed="3" covered="0"/><counter type="METHOD" missed="1" covered="0"/></method><method name="getCarbonHome" desc="()Ljava/lang/String;" line="90"><counter type="INSTRUCTION" missed="14" covered="0"/><counter type="BRANCH" missed="2" covered="0"/><counter type="LINE" missed="5" covered="0"/><counter type="COMPLEXITY" missed="2" covered="0"/><counter type="METHOD" missed="1" covered="0"/></method><method name="parseXmlConfiguration" desc="(Ljava/lang/String;)Ljava/io/InputStream;" line="100"><counter type="INSTRUCTION" missed="80" covered="0"/><counter type="BRANCH" missed="4" covered="0"/><counter type="LINE" missed="21" covered="0"/><counter type="COMPLEXITY" missed="3" covered="0"/><counter type="METHOD" missed="1" covered="0"/></method><method name="buildXmlConfiguration" desc="(Ljava/io/InputStream;Ljava/util/Map;)V" line="138"><counter type="INSTRUCTION" missed="52" covered="0"/><counter type="BRANCH" missed="6" covered="0"/><counter type="LINE" missed="15" covered="0"/><counter type="COMPLEXITY" missed="4" covered="0"/><counter type="METHOD" missed="1" covered="0"/></method><method name="readChildElements" desc="(Lorg/w3c/dom/NodeList;Ljava/util/Stack;Ljava/util/Map;)V" line="160"><counter type="INSTRUCTION" missed="53" covered="0"/><counter type="BRANCH" missed="6" covered="0"/><counter type="LINE" missed="14" covered="0"/><counter type="COMPLEXITY" missed="4" covered="0"/><counter type="METHOD" missed="1" covered="0"/></method><method name="addToConfiguration" desc="(Ljava/lang/String;Ljava/lang/Object;Ljava/util/Map;)V" line="180"><counter type="INSTRUCTION" missed="30" covered="0"/><counter type="BRANCH" missed="4" covered="0"/><counter type="LINE" missed="8" covered="0"/><counter type="COMPLEXITY" missed="3" covered="0"/><counter type="METHOD" missed="1" covered="0"/></method><method name="getKey" desc="(Ljava/util/Stack;)Ljava/lang/String;" line="194"><counter type="INSTRUCTION" missed="32" covered="0"/><counter type="BRANCH" missed="2" covered="0"/><counter type="LINE" missed="6" covered="0"/><counter type="COMPLEXITY" missed="2" covered="0"/><counter type="METHOD" missed="1" covered="0"/></method><method name="elementHasText" desc="(Lorg/w3c/dom/Node;)Z" line="205"><counter type="INSTRUCTION" missed="14" covered="0"/><counter type="BRANCH" missed="4" covered="0"/><counter type="LINE" missed="2" covered="0"/><counter type="COMPLEXITY" missed="3" covered="0"/><counter type="METHOD" missed="1" covered="0"/></method><method name="replaceSystemProperty" desc="(Ljava/lang/String;)Ljava/lang/String;" line="210"><counter type="INSTRUCTION" missed="79" covered="0"/><counter type="BRANCH" missed="14" covered="0"/><counter type="LINE" missed="10" covered="0"/><counter type="COMPLEXITY" missed="8" covered="0"/><counter type="METHOD" missed="1" covered="0"/></method><method name="&lt;clinit&gt;" desc="()V" line="48"><counter type="INSTRUCTION" missed="4" covered="0"/><counter type="LINE" missed="1" covered="0"/><counter type="COMPLEXITY" missed="1" covered="0"/><counter type="METHOD" missed="1" covered="0"/></method><counter type="INSTRUCTION" missed="433" covered="0"/><counter type="BRANCH" missed="48" covered="0"/><counter type="LINE" missed="96" covered="0"/><counter type="COMPLEXITY" missed="36" covered="0"/><counter type="METHOD" missed="12" covered="0"/><counter type="CLASS" missed="1" covered="0"/></class><sourcefile name="Utils.java"><line nr="48" mi="4" ci="0" mb="0" cb="0"/><line nr="54" mi="2" ci="0" mb="0" cb="0"/><line nr="55" mi="5" ci="0" mb="0" cb="0"/><line nr="60" mi="3" ci="0" mb="0" cb="0"/><line nr="66" mi="2" ci="0" mb="2" cb="0"/><line nr="67" mi="11" ci="0" mb="0" cb="0"/><line nr="69" mi="11" ci="0" mb="0" cb="0"/><line nr="73" mi="2" ci="0" mb="0" cb="0"/><line nr="74" mi="3" ci="0" mb="0" cb="0"/><line nr="76" mi="2" ci="0" mb="2" cb="0"/><line nr="77" mi="3" ci="0" mb="0" cb="0"/><line nr="80" mi="2" ci="0" mb="2" cb="0"/><line nr="81" mi="16" ci="0" mb="0" cb="0"/><line nr="84" mi="11" ci="0" mb="0" cb="0"/><line nr="86" mi="2" ci="0" mb="0" cb="0"/><line nr="90" mi="3" ci="0" mb="0" cb="0"/><line nr="91" mi="2" ci="0" mb="2" cb="0"/><line nr="92" mi="3" ci="0" mb="0" cb="0"/><line nr="93" mi="4" ci="0" mb="0" cb="0"/><line nr="95" mi="2" ci="0" mb="0" cb="0"/><line nr="100" mi="2" ci="0" mb="0" cb="0"/><line nr="104" mi="5" ci="0" mb="0" cb="0"/><line nr="105" mi="3" ci="0" mb="0" cb="0"/><line nr="106" mi="1" ci="0" mb="0" cb="0"/><line nr="107" mi="5" ci="0" mb="0" cb="0"/><line nr="109" mi="5" ci="0" mb="0" cb="0"/><line nr="110" mi="1" ci="0" mb="0" cb="0"/><line nr="112" mi="4" ci="0" mb="0" cb="0"/><line nr="113" mi="2" ci="0" mb="2" cb="0"/><line nr="114" mi="4" ci="0" mb="0" cb="0"/><line nr="116" mi="2" ci="0" mb="2" cb="0"/><line nr="117" mi="9" ci="0" mb="0" cb="0"/><line nr="119" mi="4" ci="0" mb="0" cb="0"/><line nr="120" mi="6" ci="0" mb="0" cb="0"/><line nr="123" mi="5" ci="0" mb="0" cb="0"/><line nr="125" mi="1" ci="0" mb="0" cb="0"/><line nr="126" mi="1" ci="0" mb="0" cb="0"/><line nr="127" mi="11" ci="0" mb="0" cb="0"/><line nr="129" mi="5" ci="0" mb="0" cb="0"/><line nr="130" mi="2" ci="0" mb="0" cb="0"/><line nr="131" mi="2" ci="0" mb="0" cb="0"/><line nr="138" mi="3" ci="0" mb="0" cb="0"/><line nr="139" mi="4" ci="0" mb="0" cb="0"/><line nr="140" mi="4" ci="0" mb="0" cb="0"/><line nr="141" mi="3" ci="0" mb="2" cb="0"/><line nr="142" mi="3" ci="0" mb="0" cb="0"/><line nr="143" mi="8" ci="0" mb="2" cb="0"/><line nr="144" mi="4" ci="0" mb="0" cb="0"/><line nr="146" mi="4" ci="0" mb="2" cb="0"/><line nr="147" mi="3" ci="0" mb="0" cb="0"/><line nr="148" mi="4" ci="0" mb="0" cb="0"/><line nr="152" mi="1" ci="0" mb="0" cb="0"/><line nr="153" mi="4" ci="0" mb="0" cb="0"/><line nr="154" mi="5" ci="0" mb="0" cb="0"/><line nr="155" mi="1" ci="0" mb="0" cb="0"/><line nr="156" mi="1" ci="0" mb="0" cb="0"/><line nr="160" mi="8" ci="0" mb="2" cb="0"/><line nr="161" mi="4" ci="0" mb="0" cb="0"/><line nr="162" mi="4" ci="0" mb="2" cb="0"/><line nr="163" mi="5" ci="0" mb="0" cb="0"/><line nr="164" mi="3" ci="0" mb="2" cb="0"/><line nr="165" mi="3" ci="0" mb="0" cb="0"/><line nr="166" mi="5" ci="0" mb="0" cb="0"/><line nr="167" mi="4" ci="0" mb="0" cb="0"/><line nr="168" mi="1" ci="0" mb="0" cb="0"/><line nr="169" mi="3" ci="0" mb="0" cb="0"/><line nr="170" mi="4" ci="0" mb="0" cb="0"/><line nr="172" mi="5" ci="0" mb="0" cb="0"/><line nr="173" mi="3" ci="0" mb="0" cb="0"/><line nr="176" mi="1" ci="0" mb="0" cb="0"/><line nr="180" mi="5" ci="0" mb="0" cb="0"/><line nr="181" mi="2" ci="0" mb="2" cb="0"/><line nr="182" mi="4" ci="0" mb="0" cb="0"/><line nr="183" mi="4" ci="0" mb="0" cb="0"/><line nr="184" mi="6" ci="0" mb="0" cb="0"/><line nr="186" mi="4" ci="0" mb="2" cb="0"/><line nr="187" mi="4" ci="0" mb="0" cb="0"/><line nr="190" mi="1" ci="0" mb="0" cb="0"/><line nr="194" mi="4" ci="0" mb="0" cb="0"/><line nr="195" mi="8" ci="0" mb="2" cb="0"/><line nr="196" mi="5" ci="0" mb="0" cb="0"/><line nr="197" mi="6" ci="0" mb="0" cb="0"/><line nr="199" mi="6" ci="0" mb="0" cb="0"/><line nr="201" mi="3" ci="0" mb="0" cb="0"/><line nr="205" mi="4" ci="0" mb="0" cb="0"/><line nr="206" mi="10" ci="0" mb="4" cb="0"/><line nr="210" mi="2" ci="0" mb="0" cb="0"/><line nr="216" mi="19" ci="0" mb="6" cb="0"/><line nr="221" mi="7" ci="0" mb="0" cb="0"/><line nr="223" mi="3" ci="0" mb="0" cb="0"/><line nr="224" mi="2" ci="0" mb="2" cb="0"/><line nr="225" mi="18" ci="0" mb="0" cb="0"/><line nr="228" mi="10" ci="0" mb="6" cb="0"/><line nr="231" mi="15" ci="0" mb="0" cb="0"/><line nr="234" mi="1" ci="0" mb="0" cb="0"/><line nr="235" mi="2" ci="0" mb="0" cb="0"/><counter type="INSTRUCTION" missed="433" covered="0"/><counter type="BRANCH" missed="48" covered="0"/><counter type="LINE" missed="96" covered="0"/><counter type="COMPLEXITY" missed="36" covered="0"/><counter type="METHOD" missed="12" covered="0"/><counter type="CLASS" missed="1" covered="0"/></sourcefile><sourcefile name="ServerConfiguration.java"><line nr="49" mi="0" ci="3" mb="0" cb="0"/><line nr="51" mi="0" ci="5" mb="0" cb="0"/><line nr="53" mi="0" ci="3" mb="0" cb="0"/><line nr="59" mi="0" ci="5" mb="0" cb="0"/><line nr="68" mi="0" ci="2" mb="0" cb="0"/><line nr="73" mi="0" ci="2" mb="0" cb="0"/><line nr="74" mi="0" ci="1" mb="0" cb="0"/><line nr="86" mi="0" ci="3" mb="1" cb="1"/><line nr="87" mi="1" ci="0" mb="0" cb="0"/><line nr="90" mi="0" ci="3" mb="1" cb="1"/><line nr="91" mi="0" ci="3" mb="0" cb="0"/><line nr="95" mi="0" ci="3" mb="0" cb="0"/><line nr="96" mi="0" ci="4" mb="0" cb="0"/><line nr="97" mi="0" ci="4" mb="0" cb="0"/><line nr="98" mi="0" ci="3" mb="1" cb="1"/><line nr="99" mi="0" ci="3" mb="0" cb="0"/><line nr="100" mi="0" ci="8" mb="0" cb="2"/><line nr="101" mi="0" ci="4" mb="0" cb="0"/><line nr="103" mi="0" ci="4" mb="0" cb="2"/><line nr="104" mi="0" ci="3" mb="0" cb="0"/><line nr="105" mi="0" ci="4" mb="0" cb="0"/><line nr="109" mi="0" ci="3" mb="0" cb="0"/><line nr="110" mi="0" ci="3" mb="0" cb="0"/><line nr="111" mi="1" ci="0" mb="0" cb="0"/><line nr="112" mi="4" ci="0" mb="0" cb="0"/><line nr="113" mi="5" ci="0" mb="0" cb="0"/><line nr="114" mi="1" ci="0" mb="0" cb="0"/><line nr="115" mi="4" ci="0" mb="0" cb="0"/><line nr="116" mi="5" ci="0" mb="0" cb="0"/><line nr="117" mi="1" ci="0" mb="0" cb="0"/><line nr="118" mi="4" ci="0" mb="0" cb="0"/><line nr="119" mi="5" ci="0" mb="0" cb="0"/><line nr="120" mi="0" ci="1" mb="0" cb="0"/><line nr="121" mi="0" ci="1" mb="0" cb="0"/><line nr="132" mi="0" ci="3" mb="1" cb="1"/><line nr="133" mi="1" ci="0" mb="0" cb="0"/><line nr="135" mi="0" ci="2" mb="1" cb="1"/><line nr="136" mi="2" ci="0" mb="0" cb="0"/><line nr="139" mi="0" ci="2" mb="0" cb="0"/><line nr="144" mi="5" ci="0" mb="0" cb="0"/><line nr="145" mi="3" ci="0" mb="0" cb="0"/><line nr="146" mi="0" ci="1" mb="0" cb="0"/><line nr="147" mi="0" ci="5" mb="0" cb="0"/><line nr="149" mi="0" ci="5" mb="0" cb="0"/><line nr="150" mi="1" ci="0" mb="0" cb="0"/><line nr="152" mi="3" ci="0" mb="0" cb="0"/><line nr="154" mi="4" ci="0" mb="0" cb="0"/><line nr="156" mi="2" ci="0" mb="2" cb="0"/><line nr="157" mi="9" ci="0" mb="0" cb="0"/><line nr="159" mi="4" ci="0" mb="0" cb="0"/><line nr="160" mi="6" ci="0" mb="0" cb="0"/><line nr="163" mi="0" ci="1" mb="0" cb="0"/><line nr="164" mi="1" ci="0" mb="0" cb="0"/><line nr="165" mi="11" ci="0" mb="0" cb="0"/><line nr="167" mi="5" ci="0" mb="0" cb="0"/><line nr="168" mi="1" ci="1" mb="0" cb="0"/><line nr="169" mi="0" ci="3" mb="0" cb="0"/><line nr="171" mi="3" ci="2" mb="3" cb="1"/><line nr="173" mi="2" ci="2" mb="0" cb="0"/><line nr="174" mi="2" ci="0" mb="0" cb="0"/><line nr="175" mi="8" ci="0" mb="0" cb="0"/><line nr="176" mi="4" ci="1" mb="0" cb="0"/><line nr="179" mi="0" ci="1" mb="0" cb="0"/><line nr="190" mi="0" ci="3" mb="0" cb="0"/><line nr="191" mi="0" ci="3" mb="0" cb="0"/><line nr="192" mi="0" ci="1" mb="0" cb="0"/><line nr="203" mi="0" ci="3" mb="0" cb="0"/><line nr="204" mi="0" ci="3" mb="0" cb="0"/><line nr="205" mi="0" ci="1" mb="0" cb="0"/><line nr="217" mi="3" ci="0" mb="0" cb="0"/><line nr="218" mi="3" ci="0" mb="0" cb="0"/><line nr="219" mi="3" ci="0" mb="0" cb="0"/><line nr="220" mi="1" ci="0" mb="0" cb="0"/><line nr="224" mi="0" ci="8" mb="0" cb="2"/><line nr="225" mi="0" ci="4" mb="0" cb="0"/><line nr="226" mi="0" ci="4" mb="0" cb="2"/><line nr="227" mi="0" ci="5" mb="0" cb="0"/><line nr="228" mi="0" ci="4" mb="0" cb="2"/><line nr="229" mi="0" ci="4" mb="0" cb="0"/><line nr="230" mi="0" ci="6" mb="0" cb="0"/><line nr="231" mi="0" ci="4" mb="0" cb="0"/><line nr="233" mi="0" ci="5" mb="0" cb="0"/><line nr="234" mi="0" ci="3" mb="0" cb="0"/><line nr="237" mi="0" ci="1" mb="0" cb="0"/><line nr="240" mi="0" ci="6" mb="0" cb="0"/><line nr="241" mi="0" ci="2" mb="1" cb="1"/><line nr="242" mi="0" ci="4" mb="0" cb="0"/><line nr="243" mi="0" ci="4" mb="0" cb="0"/><line nr="244" mi="0" ci="7" mb="0" cb="0"/><line nr="246" mi="4" ci="0" mb="2" cb="0"/><line nr="247" mi="4" ci="0" mb="0" cb="0"/><line nr="250" mi="0" ci="1" mb="0" cb="0"/><line nr="253" mi="4" ci="0" mb="0" cb="0"/><line nr="254" mi="4" ci="0" mb="0" cb="0"/><line nr="255" mi="6" ci="0" mb="0" cb="0"/><line nr="256" mi="1" ci="0" mb="0" cb="0"/><line nr="259" mi="0" ci="2" mb="0" cb="0"/><line nr="265" mi="0" ci="19" mb="2" cb="4"/><line nr="270" mi="0" ci="7" mb="0" cb="0"/><line nr="272" mi="0" ci="3" mb="0" cb="0"/><line nr="273" mi="0" ci="2" mb="1" cb="1"/><line nr="274" mi="18" ci="0" mb="0" cb="0"/><line nr="277" mi="6" ci="4" mb="5" cb="1"/><line nr="280" mi="15" ci="0" mb="0" cb="0"/><line nr="283" mi="0" ci="1" mb="0" cb="0"/><line nr="284" mi="0" ci="2" mb="0" cb="0"/><line nr="288" mi="0" ci="4" mb="0" cb="0"/><line nr="289" mi="0" ci="8" mb="0" cb="2"/><line nr="290" mi="0" ci="5" mb="0" cb="0"/><line nr="291" mi="0" ci="6" mb="0" cb="0"/><line nr="293" mi="0" ci="6" mb="0" cb="0"/><line nr="295" mi="0" ci="3" mb="0" cb="0"/><line nr="299" mi="0" ci="4" mb="0" cb="0"/><line nr="300" mi="0" ci="10" mb="1" cb="3"/><line nr="306" mi="1" ci="0" mb="0" cb="0"/><line nr="311" mi="1" ci="0" mb="0" cb="0"/><line nr="322" mi="6" ci="0" mb="0" cb="0"/><line nr="323" mi="2" ci="0" mb="2" cb="0"/><line nr="324" mi="2" ci="0" mb="0" cb="0"/><line nr="326" mi="5" ci="0" mb="0" cb="0"/><line nr="337" mi="0" ci="6" mb="0" cb="0"/><line nr="338" mi="0" ci="2" mb="1" cb="1"/><line nr="339" mi="3" ci="0" mb="0" cb="0"/><line nr="341" mi="0" ci="7" mb="0" cb="0"/><line nr="346" mi="2" ci="0" mb="0" cb="0"/><counter type="INSTRUCTION" missed="202" covered="294"/><counter type="BRANCH" missed="25" covered="29"/><counter type="LINE" missed="46" covered="79"/><counter type="COMPLEXITY" missed="25" covered="21"/><counter type="METHOD" missed="6" covered="13"/><counter type="CLASS" missed="0" covered="1"/></sourcefile><sourcefile name="Constants.java"><line nr="35" mi="2" ci="0" mb="0" cb="0"/><line nr="36" mi="5" ci="0" mb="0" cb="0"/><counter type="INSTRUCTION" missed="7" covered="0"/><counter type="LINE" missed="2" covered="0"/><counter type="COMPLEXITY" missed="1" covered="0"/><counter type="METHOD" missed="1" covered="0"/><counter type="CLASS" missed="1" covered="0"/></sourcefile><sourcefile name="LoggingConfiguration.java"><line nr="32" mi="0" ci="3" mb="0" cb="0"/><line nr="34" mi="0" ci="3" mb="0" cb="0"/><line nr="36" mi="0" ci="5" mb="0" cb="0"/><line nr="44" mi="0" ci="2" mb="0" cb="0"/><line nr="48" mi="3" ci="0" mb="0" cb="0"/><line nr="49" mi="1" ci="0" mb="0" cb="0"/><line nr="53" mi="3" ci="0" mb="2" cb="0"/><line nr="54" mi="5" ci="0" mb="0" cb="0"/><line nr="59" mi="5" ci="0" mb="0" cb="0"/><line nr="60" mi="3" ci="0" mb="2" cb="0"/><line nr="61" mi="1" ci="0" mb="0" cb="0"/><line nr="63" mi="6" ci="0" mb="0" cb="0"/><line nr="64" mi="4" ci="0" mb="0" cb="0"/><line nr="65" mi="1" ci="0" mb="0" cb="0"/><line nr="70" mi="3" ci="0" mb="2" cb="0"/><line nr="72" mi="6" ci="0" mb="4" cb="0"/><line nr="73" mi="1" ci="0" mb="0" cb="0"/><line nr="75" mi="4" ci="0" mb="0" cb="0"/><line nr="77" mi="4" ci="0" mb="0" cb="0"/><line nr="78" mi="6" ci="0" mb="0" cb="0"/><line nr="79" mi="3" ci="0" mb="0" cb="0"/><line nr="80" mi="8" ci="0" mb="0" cb="0"/><line nr="81" mi="3" ci="0" mb="0" cb="0"/><line nr="83" mi="1" ci="0" mb="0" cb="0"/><line nr="88" mi="0" ci="4" mb="0" cb="0"/><line nr="89" mi="0" ci="5" mb="0" cb="0"/><line nr="90" mi="0" ci="3" mb="0" cb="0"/><line nr="91" mi="0" ci="2" mb="0" cb="0"/><line nr="92" mi="1" ci="0" mb="0" cb="0"/><line nr="93" mi="14" ci="0" mb="0" cb="0"/><line nr="96" mi="2" ci="0" mb="0" cb="0"/><counter type="INSTRUCTION" missed="88" covered="27"/><counter type="BRANCH" missed="10" covered="0"/><counter type="LINE" missed="23" covered="8"/><counter type="COMPLEXITY" missed="8" covered="4"/><counter type="METHOD" missed="3" covered="4"/><counter type="CLASS" missed="0" covered="1"/></sourcefile><sourcefile name="ServerConfigurationException.java"><line nr="29" mi="3" ci="0" mb="0" cb="0"/><line nr="30" mi="1" ci="0" mb="0" cb="0"/><line nr="35" mi="2" ci="0" mb="0" cb="0"/><line nr="36" mi="1" ci="0" mb="0" cb="0"/><line nr="44" mi="3" ci="0" mb="0" cb="0"/><line nr="45" mi="1" ci="0" mb="0" cb="0"/><line nr="54" mi="4" ci="0" mb="0" cb="0"/><line nr="55" mi="1" ci="0" mb="0" cb="0"/><counter type="INSTRUCTION" missed="16" covered="0"/><counter type="LINE" missed="8" covered="0"/><counter type="COMPLEXITY" missed="4" covered="0"/><counter type="METHOD" missed="4" covered="0"/><counter type="CLASS" missed="1" covered="0"/></sourcefile><counter type="INSTRUCTION" missed="746" covered="321"/><counter type="BRANCH" missed="83" covered="29"/><counter type="LINE" missed="175" covered="87"/><counter type="COMPLEXITY" missed="74" covered="25"/><counter type="METHOD" missed="26" covered="17"/><counter type="CLASS" missed="3" covered="2"/></package><package name="org/wso2/carbon/base/exception"><class name="org/wso2/carbon/base/exception/ConfigurationInitializationException"><method name="&lt;init&gt;" desc="(Ljava/lang/String;)V" line="5"><counter type="INSTRUCTION" missed="4" covered="0"/><counter type="LINE" missed="2" covered="0"/><counter type="COMPLEXITY" missed="1" covered="0"/><counter type="METHOD" missed="1" covered="0"/></method><method name="&lt;init&gt;" desc="(Ljava/lang/String;Ljava/lang/Exception;)V" line="9"><counter type="INSTRUCTION" missed="5" covered="0"/><counter type="LINE" missed="2" covered="0"/><counter type="COMPLEXITY" missed="1" covered="0"/><counter type="METHOD" missed="1" covered="0"/></method><method name="&lt;init&gt;" desc="(Ljava/lang/Exception;)V" line="13"><counter type="INSTRUCTION" missed="4" covered="0"/><counter type="LINE" missed="2" covered="0"/><counter type="COMPLEXITY" missed="1" covered="0"/><counter type="METHOD" missed="1" covered="0"/></method><counter type="INSTRUCTION" missed="13" covered="0"/><counter type="LINE" missed="6" covered="0"/><counter type="COMPLEXITY" missed="3" covered="0"/><counter type="METHOD" missed="3" covered="0"/><counter type="CLASS" missed="1" covered="0"/></class><sourcefile name="ConfigurationInitializationException.java"><line nr="5" mi="3" ci="0" mb="0" cb="0"/><line nr="6" mi="1" ci="0" mb="0" cb="0"/><line nr="9" mi="4" ci="0" mb="0" cb="0"/><line nr="10" mi="1" ci="0" mb="0" cb="0"/><line nr="13" mi="3" ci="0" mb="0" cb="0"/><line nr="14" mi="1" ci="0" mb="0" cb="0"/><counter type="INSTRUCTION" missed="13" covered="0"/><counter type="LINE" missed="6" covered="0"/><counter type="COMPLEXITY" missed="3" covered="0"/><counter type="METHOD" missed="3" covered="0"/><counter type="CLASS" missed="1" covered="0"/></sourcefile><counter type="INSTRUCTION" missed="13" covered="0"/><counter type="LINE" missed="6" covered="0"/><counter type="COMPLEXITY" missed="3" covered="0"/><counter type="METHOD" missed="3" covered="0"/><counter type="CLASS" missed="1" covered="0"/></package><package name="org/wso2/carbon/base/internal"><class name="org/wso2/carbon/base/internal/ConfigAdminServiceTracker"><method name="&lt;init&gt;" desc="(Lorg/osgi/framework/BundleContext;Lorg/wso2/carbon/base/LoggingConfiguration;)V" line="35"><counter type="INSTRUCTION" missed="9" covered="0"/><counter type="LINE" missed="3" covered="0"/><counter type="COMPLEXITY" missed="1" covered="0"/><counter type="METHOD" missed="1" covered="0"/></method><method name="addingService" desc="(Lorg/osgi/framework/ServiceReference;)Ljava/lang/Object;" line="41"><counter type="INSTRUCTION" missed="21" covered="0"/><counter type="LINE" missed="7" covered="0"/><counter type="COMPLEXITY" missed="1" covered="0"/><counter type="METHOD" missed="1" covered="0"/></method><method name="removedService" desc="(Lorg/osgi/framework/ServiceReference;Ljava/lang/Object;)V" line="54"><counter type="INSTRUCTION" missed="10" covered="0"/><counter type="LINE" missed="3" covered="0"/><counter type="COMPLEXITY" missed="1" covered="0"/><counter type="METHOD" missed="1" covered="0"/></method><method name="&lt;clinit&gt;" desc="()V" line="30"><counter type="INSTRUCTION" missed="7" covered="0"/><counter type="LINE" missed="2" covered="0"/><counter type="COMPLEXITY" missed="1" covered="0"/><counter type="METHOD" missed="1" covered="0"/></method><counter type="INSTRUCTION" missed="47" covered="0"/><counter type="LINE" missed="15" covered="0"/><counter type="COMPLEXITY" missed="4" covered="0"/><counter type="METHOD" missed="4" covered="0"/><counter type="CLASS" missed="1" covered="0"/></class><class name="org/wso2/carbon/base/internal/CarbonBaseActivator"><method name="&lt;init&gt;" desc="()V" line="31"><counter type="INSTRUCTION" missed="3" covered="0"/><counter type="LINE" missed="1" covered="0"/><counter type="COMPLEXITY" missed="1" covered="0"/><counter type="METHOD" missed="1" covered="0"/></method><method name="start" desc="(Lorg/osgi/framework/BundleContext;)V" line="40"><counter type="INSTRUCTION" missed="13" covered="0"/><counter type="LINE" missed="4" covered="0"/><counter type="COMPLEXITY" missed="1" covered="0"/><counter type="METHOD" missed="1" covered="0"/></method><method name="stop" desc="(Lorg/osgi/framework/BundleContext;)V" line="47"><counter type="INSTRUCTION" missed="10" covered="0"/><counter type="LINE" missed="4" covered="0"/><counter type="COMPLEXITY" missed="1" covered="0"/><counter type="METHOD" missed="1" covered="0"/></method><method name="&lt;clinit&gt;" desc="()V" line="32"><counter type="INSTRUCTION" missed="7" covered="0"/><counter type="LINE" missed="2" covered="0"/><counter type="COMPLEXITY" missed="1" covered="0"/><counter type="METHOD" missed="1" covered="0"/></method><counter type="INSTRUCTION" missed="33" covered="0"/><counter type="LINE" missed="11" covered="0"/><counter type="COMPLEXITY" missed="4" covered="0"/><counter type="METHOD" missed="4" covered="0"/><counter type="CLASS" missed="1" covered="0"/></class><sourcefile name="ConfigAdminServiceTracker.java"><line nr="30" mi="3" ci="0" mb="0" cb="0"/><line nr="31" mi="4" ci="0" mb="0" cb="0"/><line nr="35" mi="5" ci="0" mb="0" cb="0"/><line nr="36" mi="3" ci="0" mb="0" cb="0"/><line nr="37" mi="1" ci="0" mb="0" cb="0"/><line nr="41" mi="5" ci="0" mb="0" cb="0"/><line nr="42" mi="4" ci="0" mb="0" cb="0"/><line nr="45" mi="4" ci="0" mb="0" cb="0"/><line nr="46" mi="1" ci="0" mb="0" cb="0"/><line nr="47" mi="4" ci="0" mb="0" cb="0"/><line nr="48" mi="1" ci="0" mb="0" cb="0"/><line nr="49" mi="2" ci="0" mb="0" cb="0"/><line nr="54" mi="4" ci="0" mb="0" cb="0"/><line nr="55" mi="5" ci="0" mb="0" cb="0"/><line nr="56" mi="1" ci="0" mb="0" cb="0"/><counter type="INSTRUCTION" missed="47" covered="0"/><counter type="LINE" missed="15" covered="0"/><counter type="COMPLEXITY" missed="4" covered="0"/><counter type="METHOD" missed="4" covered="0"/><counter type="CLASS" missed="1" covered="0"/></sourcefile><sourcefile name="CarbonBaseActivator.java"><line nr="31" mi="3" ci="0" mb="0" cb="0"/><line nr="32" mi="3" ci="0" mb="0" cb="0"/><line nr="33" mi="4" ci="0" mb="0" cb="0"/><line nr="40" mi="2" ci="0" mb="0" cb="0"/><line nr="41" mi="7" ci="0" mb="0" cb="0"/><line nr="42" mi="3" ci="0" mb="0" cb="0"/><line nr="43" mi="1" ci="0" mb="0" cb="0"/><line nr="47" mi="3" ci="0" mb="0" cb="0"/><line nr="49" mi="3" ci="0" mb="0" cb="0"/><line nr="50" mi="3" ci="0" mb="0" cb="0"/><line nr="51" mi="1" ci="0" mb="0" cb="0"/><counter type="INSTRUCTION" missed="33" covered="0"/><counter type="LINE" missed="11" covered="0"/><counter type="COMPLEXITY" missed="4" covered="0"/><counter type="METHOD" missed="4" covered="0"/><counter type="CLASS" missed="1" covered="0"/></sourcefile><counter type="INSTRUCTION" missed="80" covered="0"/><counter type="LINE" missed="26" covered="0"/><counter type="COMPLEXITY" missed="8" covered="0"/><counter type="METHOD" missed="8" covered="0"/><counter type="CLASS" missed="2" covered="0"/></package><counter type="INSTRUCTION" missed="839" covered="321"/><counter type="BRANCH" missed="83" covered="29"/><counter type="LINE" missed="207" covered="87"/><counter type="COMPLEXITY" missed="85" covered="25"/><counter type="METHOD" missed="37" covered="17"/><counter type="CLASS" missed="6" covered="2"/></report>